<testsuites id="" name="" tests="3" failures="0" skipped="0" errors="0" time="16.569606">
<testsuite name="groups.test.ts" timestamp="2025-09-28T04:20:31.279Z" hostname="chromium" tests="3" failures="0" skipped="0" time="13.259" errors="0">
<testcase name="Payment Flow › has title 1" classname="groups.test.ts" time="5.816">
<system-out>
<![CDATA[test 1

[[ATTACHMENT|test-results\groups-Payment-Flow-has-title-1-chromium\test-finished-1.png]]

[[ATTACHMENT|test-results\groups-Payment-Flow-has-title-1-chromium\video.webm]]

[[ATTACHMENT|test-results\groups-Payment-Flow-has-title-1-chromium\trace.zip]]
]]>
</system-out>
</testcase>
<testcase name="Payment Flow › has title 2" classname="groups.test.ts" time="5.888">
<system-out>
<![CDATA[test 2

[[ATTACHMENT|test-results\groups-Payment-Flow-has-title-2-chromium\test-finished-1.png]]

[[ATTACHMENT|test-results\groups-Payment-Flow-has-title-2-chromium\video.webm]]

[[ATTACHMENT|test-results\groups-Payment-Flow-has-title-2-chromium\trace.zip]]
]]>
</system-out>
</testcase>
<testcase name="Purchase flow › has title 4" classname="groups.test.ts" time="1.555">
<system-out>
<![CDATA[test 4

[[ATTACHMENT|test-results\groups-Purchase-flow-has-title-4-chromium\test-finished-1.png]]

[[ATTACHMENT|test-results\groups-Purchase-flow-has-title-4-chromium\video.webm]]

[[ATTACHMENT|test-results\groups-Purchase-flow-has-title-4-chromium\trace.zip]]
]]>
</system-out>
</testcase>
</testsuite>
</testsuites>